<?xml version="1.0" encoding="UTF-8"?>
<testsuite name="com.lpoo.redstonetools.model.tile.LeverTileTest" tests="3" skipped="0" failures="0" errors="0" timestamp="2020-05-03T00:27:02" hostname="DESKTOP-KR9SQNR" time="0.013">
  <properties/>
  <testcase name="testLever" classname="com.lpoo.redstonetools.model.tile.LeverTileTest" time="0.005"/>
  <testcase name="testLeverPower" classname="com.lpoo.redstonetools.model.tile.LeverTileTest" time="0.003"/>
  <testcase name="testLeverInteract" classname="com.lpoo.redstonetools.model.tile.LeverTileTest" time="0.005"/>
  <system-out><![CDATA[]]></system-out>
  <system-err><![CDATA[]]></system-err>
</testsuite>
