<?xml version="1.0" encoding="UTF-8"?>
<testsuite name="com.lpoo.redstonetools.model.utils.PositionTest" tests="6" skipped="0" failures="0" errors="0" timestamp="2020-05-03T00:27:02" hostname="DESKTOP-KR9SQNR" time="0.007">
  <properties/>
  <testcase name="testPositionConstructor" classname="com.lpoo.redstonetools.model.utils.PositionTest" time="0.0"/>
  <testcase name="testPositionClone" classname="com.lpoo.redstonetools.model.utils.PositionTest" time="0.0"/>
  <testcase name="testPositionSetters" classname="com.lpoo.redstonetools.model.utils.PositionTest" time="0.001"/>
  <testcase name="testPositionGetNeighbour" classname="com.lpoo.redstonetools.model.utils.PositionTest" time="0.0"/>
  <testcase name="testPositionEquals" classname="com.lpoo.redstonetools.model.utils.PositionTest" time="0.0"/>
  <testcase name="testPositionGetters" classname="com.lpoo.redstonetools.model.utils.PositionTest" time="0.0"/>
  <system-out><![CDATA[]]></system-out>
  <system-err><![CDATA[]]></system-err>
</testsuite>
