<?xml version="1.0" encoding="UTF-8"?>
<testsuite name="com.lpoo.redstonetools.model.tile.ConstantSourceTileTest" tests="2" skipped="0" failures="0" errors="0" timestamp="2020-05-03T00:27:02" hostname="DESKTOP-KR9SQNR" time="0.007">
  <properties/>
  <testcase name="testConstantSource" classname="com.lpoo.redstonetools.model.tile.ConstantSourceTileTest" time="0.003"/>
  <testcase name="testConstantSourcePower" classname="com.lpoo.redstonetools.model.tile.ConstantSourceTileTest" time="0.003"/>
  <system-out><![CDATA[]]></system-out>
  <system-err><![CDATA[]]></system-err>
</testsuite>
