<?xml version="1.0" encoding="UTF-8"?>
<testsuite name="com.lpoo.redstonetools.model.tile.NullTileTest" tests="1" skipped="0" failures="0" errors="0" timestamp="2020-05-03T00:27:02" hostname="DESKTOP-KR9SQNR" time="0.004">
  <properties/>
  <testcase name="testNullTile" classname="com.lpoo.redstonetools.model.tile.NullTileTest" time="0.004"/>
  <system-out><![CDATA[]]></system-out>
  <system-err><![CDATA[]]></system-err>
</testsuite>
