<?xml version="1.0" encoding="UTF-8"?>
<testsuite name="com.lpoo.redstonetools.model.circuit.CircuitTest" tests="10" skipped="0" failures="0" errors="0" timestamp="2020-05-03T00:27:02" hostname="DESKTOP-KR9SQNR" time="0.398">
  <properties/>
  <testcase name="testCircuitSurroundingPower" classname="com.lpoo.redstonetools.model.circuit.CircuitTest" time="0.062"/>
  <testcase name="testCircuitAdvancedAddTile" classname="com.lpoo.redstonetools.model.circuit.CircuitTest" time="0.011"/>
  <testcase name="testCircuitSurroundingWirePower" classname="com.lpoo.redstonetools.model.circuit.CircuitTest" time="0.107"/>
  <testcase name="testCircuitInit" classname="com.lpoo.redstonetools.model.circuit.CircuitTest" time="0.001"/>
  <testcase name="testCircuitSafeRemoveTile" classname="com.lpoo.redstonetools.model.circuit.CircuitTest" time="0.031"/>
  <testcase name="testCircuitGetTile" classname="com.lpoo.redstonetools.model.circuit.CircuitTest" time="0.017"/>
  <testcase name="testCircuitBasicAddTile" classname="com.lpoo.redstonetools.model.circuit.CircuitTest" time="0.011"/>
  <testcase name="testCircuitCanTilesConnect" classname="com.lpoo.redstonetools.model.circuit.CircuitTest" time="0.069"/>
  <testcase name="testCircuitBounds" classname="com.lpoo.redstonetools.model.circuit.CircuitTest" time="0.008"/>
  <testcase name="testCircuitSurroundingGatePower" classname="com.lpoo.redstonetools.model.circuit.CircuitTest" time="0.075"/>
  <system-out><![CDATA[]]></system-out>
  <system-err><![CDATA[]]></system-err>
</testsuite>
