<?xml version="1.0" encoding="UTF-8"?>
<testsuite name="com.lpoo.redstonetools.model.tile.RepeaterTileTest" tests="5" skipped="0" failures="0" errors="0" timestamp="2020-05-03T00:27:02" hostname="DESKTOP-KR9SQNR" time="0.027">
  <properties/>
  <testcase name="testRepeaterOnChange" classname="com.lpoo.redstonetools.model.tile.RepeaterTileTest" time="0.007"/>
  <testcase name="testRepeater" classname="com.lpoo.redstonetools.model.tile.RepeaterTileTest" time="0.003"/>
  <testcase name="testRepeaterPower" classname="com.lpoo.redstonetools.model.tile.RepeaterTileTest" time="0.005"/>
  <testcase name="testRepeaterRotation" classname="com.lpoo.redstonetools.model.tile.RepeaterTileTest" time="0.004"/>
  <testcase name="testRepeaterUpdate" classname="com.lpoo.redstonetools.model.tile.RepeaterTileTest" time="0.007"/>
  <system-out><![CDATA[]]></system-out>
  <system-err><![CDATA[]]></system-err>
</testsuite>
