<?xml version="1.0" encoding="UTF-8"?>
<testsuite name="com.lpoo.redstonetools.model.utils.SideTypeTest" tests="1" skipped="0" failures="0" errors="0" timestamp="2020-05-03T00:27:02" hostname="DESKTOP-KR9SQNR" time="0.001">
  <properties/>
  <testcase name="testSideTypeCheck" classname="com.lpoo.redstonetools.model.utils.SideTypeTest" time="0.001"/>
  <system-out><![CDATA[]]></system-out>
  <system-err><![CDATA[]]></system-err>
</testsuite>
