<?xml version="1.0" encoding="UTF-8"?>
<testsuite name="com.lpoo.redstonetools.model.tile.WireTileTest" tests="4" skipped="0" failures="0" errors="0" timestamp="2020-05-03T00:27:02" hostname="DESKTOP-KR9SQNR" time="0.027">
  <properties/>
  <testcase name="testWire" classname="com.lpoo.redstonetools.model.tile.WireTileTest" time="0.004"/>
  <testcase name="testWireUpdate" classname="com.lpoo.redstonetools.model.tile.WireTileTest" time="0.008"/>
  <testcase name="testWirePower" classname="com.lpoo.redstonetools.model.tile.WireTileTest" time="0.004"/>
  <testcase name="testWireConnections" classname="com.lpoo.redstonetools.model.tile.WireTileTest" time="0.011"/>
  <system-out><![CDATA[]]></system-out>
  <system-err><![CDATA[]]></system-err>
</testsuite>
