<?xml version="1.0" encoding="UTF-8"?>
<testsuite name="com.lpoo.redstonetools.model.utils.PowerTest" tests="3" skipped="0" failures="0" errors="0" timestamp="2020-05-03T00:27:02" hostname="DESKTOP-KR9SQNR" time="0.005">
  <properties/>
  <testcase name="testPowerDecrease" classname="com.lpoo.redstonetools.model.utils.PowerTest" time="0.0"/>
  <testcase name="testPowerClamp" classname="com.lpoo.redstonetools.model.utils.PowerTest" time="0.001"/>
  <testcase name="testPowerModes" classname="com.lpoo.redstonetools.model.utils.PowerTest" time="0.002"/>
  <system-out><![CDATA[]]></system-out>
  <system-err><![CDATA[]]></system-err>
</testsuite>
